<?xml version="1.0" encoding="UTF-8"?>
<!-- Generated by org.testng.reporters.JUnitReportReporter -->
<testsuite skipped="0" hostname="TVT-A-EC-729" name="MavenTestngWithDefaultPom.MavenTestngWithDefaultPom.Hello3" tests="1" failures="0" timestamp="2020-04-23T18:06:35 IST" time="0.006" errors="0">
  <testcase name="secoundTest" time="0.006" classname="MavenTestngWithDefaultPom.MavenTestngWithDefaultPom.Hello3"/>
</testsuite> <!-- MavenTestngWithDefaultPom.MavenTestngWithDefaultPom.Hello3 -->
